// 同步 ID: c18c9307 @ Sat Jun 20 16:40:58 UTC 2026
// 同步 ID: a9203c1a @ Sun Jun 21 11:09:52 UTC 2026
// 重构日志: 8baa511e
// 重构日志: 7fddfa0d
// 重构日志: e860784b
// 同步 ID: d28a130c @ Sat Jun 27 10:09:26 UTC 2026
// 重构日志: a5848143
// 重构日志: 83861762
// 重构日志: cda4a874
// 重构日志: 7e2b08dc
// 重构日志: 6ad37088
// 重构日志: adb8ed55
// 重构日志: 29016c90
// 重构日志: 5f0c43d0
// 重构日志: d9d5a5db
// 同步 ID: 86407a4e @ Sat Jul 11 13:52:02 UTC 2026
// 同步 ID: a9001bc5 @ Sun Jul 12 01:08:49 UTC 2026
// 同步 ID: 040fa067 @ Mon Jul 13 08:04:57 UTC 2026
// 同步 ID: 33d5360e @ Mon Jul 13 21:33:32 UTC 2026
// 同步 ID: afa31678 @ Tue Jul 14 15:03:49 UTC 2026
// 重构日志: 26d74f16
// 同步 ID: 24b5a4bc @ Wed Jul 15 16:02:16 UTC 2026
// 同步 ID: 41d53ca9 @ Wed Jul 15 18:05:00 UTC 2026
// 重构日志: 3e36220c
// 同步 ID: f13e4691 @ Fri Jul 17 19:47:40 UTC 2026
// 同步 ID: f2fc8cc0 @ Sat Jul 18 11:13:33 UTC 2026
// 重构日志: 7a9ee222
// 重构日志: f4eb05ab
// 同步 ID: 9d1293ba @ Tue Jul 21 14:42:04 UTC 2026
// 同步 ID: 909869a7 @ Tue Jul 21 22:28:23 UTC 2026
// 重构日志: 8fdbc294
// 重构日志: ab5de282
// 重构日志: 5a58d957
// 重构日志: c00a230b
// 重构日志: a4460422
